#
# A fatal error has been detected by the Java Runtime Environment:
#
#  EXCEPTION_ACCESS_VIOLATION (0xc0000005) at pc=0x000000005d647a36, pid=20784, tid=0x0000000000003944
#
# JRE version: Java(TM) SE Runtime Environment (8.0_211-b12) (build 1.8.0_211-b12)
# Java VM: Java HotSpot(TM) 64-Bit Server VM (25.211-b12 mixed mode windows-amd64 compressed oops)
# Problematic frame:
# V  [jvm.dll+0x237a36]
#
# Failed to write core dump. Minidumps are not enabled by default on client versions of Windows
#
# If you would like to submit a bug report, please visit:
#   http://bugreport.java.com/bugreport/crash.jsp
#

---------------  T H R E A D  ---------------

Current thread (0x0000000002c27800):  VMThread [stack: 0x000000001a980000,0x000000001aa80000] [id=14660]

siginfo: ExceptionCode=0xc0000005, reading address 0x0000000000000008

Registers:
RAX=0x0000000000000000, RBX=0x000000001aa7ebb0, RCX=0x000000001aa7ebb0, RDX=0x0000000000000028
RSP=0x000000001aa7e8e0, RBP=0x000000001aa7f0f0, RSI=0x0000000000000000, RDI=0x000000001aa7f280
R8 =0x0000000000000000, R9 =0x000000000287a1c0, R10=0x0000000000000008, R11=0x000000005da19f38
R12=0x0000000002b355b0, R13=0x000000001aa7f0b0, R14=0x00000000000003d8, R15=0x000000001aa7f0a0
RIP=0x000000005d647a36, EFLAGS=0x0000000000010202

Top of Stack: (sp=0x000000001aa7e8e0)
0x000000001aa7e8e0:   0000000000000000 0000000000000000
0x000000001aa7e8f0:   00000000da749fc8 00000000da74a108
0x000000001aa7e900:   00000000da74a180 00000000da74a240
0x000000001aa7e910:   00000000da74a2b8 00000000da74a330
0x000000001aa7e920:   00000000da74a398 00000000da74a400
0x000000001aa7e930:   00000000075ff390 00000000075ff390
0x000000001aa7e940:   00000000da74b4b0 00000000da74b518
0x000000001aa7e950:   00000000da74b588 00000000da74b5f0
0x000000001aa7e960:   00000000da74b658 00000000da74b6c0
0x000000001aa7e970:   00000000da74b728 00000000da74b790
0x000000001aa7e980:   00000000da813508 00000000da74b7f8
0x000000001aa7e990:   00000000da74b9a8 00000000da74b9a8
0x000000001aa7e9a0:   00000000da74ba10 00000000da74ba78
0x000000001aa7e9b0:   00000000da74bae0 00000000da74bb48
0x000000001aa7e9c0:   00000000da74bbb0 00000000da74bc50
0x000000001aa7e9d0:   00000000da74bcb8 00000000da74bd20 

Instructions: (pc=0x000000005d647a36)
0x000000005d647a16:   01 00 00 48 8b 05 10 ce 5b 00 48 33 c4 48 89 84
0x000000005d647a26:   24 30 01 00 00 4c 63 41 10 48 8b 41 08 48 8b d9
0x000000005d647a36:   42 38 54 00 08 74 33 44 0f be c2 48 8d 4c 24 20
0x000000005d647a46:   48 8d 15 33 fa 3e 00 e8 9e e3 de ff 48 8d 0d b7 


Register to memory mapping:

RAX=0x0000000000000000 is an unknown value
RBX=0x000000001aa7ebb0 is an unknown value
RCX=0x000000001aa7ebb0 is an unknown value
RDX=0x0000000000000028 is an unknown value
RSP=0x000000001aa7e8e0 is an unknown value
RBP=0x000000001aa7f0f0 is an unknown value
RSI=0x0000000000000000 is an unknown value
RDI=0x000000001aa7f280 is an unknown value
R8 =0x0000000000000000 is an unknown value
R9 =0x000000000287a1c0 is pointing into metadata
R10=0x0000000000000008 is an unknown value
R11=0x000000005da19f38 is an unknown value
R12=0x0000000002b355b0 is an unknown value
R13=0x000000001aa7f0b0 is an unknown value
R14=0x00000000000003d8 is an unknown value
R15=0x000000001aa7f0a0 is an unknown value


Stack: [0x000000001a980000,0x000000001aa80000],  sp=0x000000001aa7e8e0,  free space=1018k
Native frames: (J=compiled Java code, j=interpreted, Vv=VM code, C=native code)
V  [jvm.dll+0x237a36]
V  [jvm.dll+0x2380b4]
V  [jvm.dll+0xff623]
V  [jvm.dll+0x102713]
V  [jvm.dll+0x1031df]
V  [jvm.dll+0x103a25]
V  [jvm.dll+0x103c72]
V  [jvm.dll+0xc511e]
V  [jvm.dll+0xc57a8]
V  [jvm.dll+0xc58da]
V  [jvm.dll+0xc5ad8]
V  [jvm.dll+0x10fada]
V  [jvm.dll+0x12d4bf]
V  [jvm.dll+0x1bf7cf]
V  [jvm.dll+0x24d5f7]
V  [jvm.dll+0x24c896]
V  [jvm.dll+0x24cd31]
V  [jvm.dll+0x24cf4e]
V  [jvm.dll+0x29fc6a]
C  [msvcr100.dll+0x21d9f]
C  [msvcr100.dll+0x21e3b]
C  [KERNEL32.DLL+0x14034]
C  [ntdll.dll+0x73691]

VM_Operation (0x000000001af7f2e0): GetOrSetLocal, mode: safepoint, requested by thread 0x0000000002c7a000


---------------  P R O C E S S  ---------------

Java Threads: ( => current thread )
  0x000000001f2ba800 JavaThread "JMX server connection timeout 18" daemon [_thread_blocked, id=13572, stack(0x0000000020c90000,0x0000000020d90000)]
  0x000000001f454800 JavaThread "RMI Scheduler(0)" daemon [_thread_blocked, id=30804, stack(0x0000000020b90000,0x0000000020c90000)]
  0x000000001c7fb800 JavaThread "RMI TCP Connection(idle)" daemon [_thread_blocked, id=28116, stack(0x0000000020a90000,0x0000000020b90000)]
  0x000000001f20e800 JavaThread "RMI TCP Accept-0" daemon [_thread_in_native, id=8176, stack(0x0000000020890000,0x0000000020990000)]
  0x000000001bfeb800 JavaThread "ReaderThread" [_thread_in_native, id=29520, stack(0x000000001c650000,0x000000001c750000)]
  0x0000000004675800 JavaThread "Service Thread" daemon [_thread_blocked, id=3672, stack(0x000000001b480000,0x000000001b580000)]
  0x0000000004668800 JavaThread "C1 CompilerThread2" daemon [_thread_blocked, id=16368, stack(0x000000001b380000,0x000000001b480000)]
  0x000000000467c000 JavaThread "C2 CompilerThread1" daemon [_thread_blocked, id=1780, stack(0x000000001b280000,0x000000001b380000)]
  0x0000000004679000 JavaThread "C2 CompilerThread0" daemon [_thread_blocked, id=31088, stack(0x000000001b180000,0x000000001b280000)]
  0x0000000002c8c000 JavaThread "JDWP Command Reader" daemon [_thread_in_native, id=27708, stack(0x000000001b080000,0x000000001b180000)]
  0x0000000002c88800 JavaThread "JDWP Event Helper Thread" daemon [_thread_blocked, id=22292, stack(0x000000001af80000,0x000000001b080000)]
  0x0000000002c7a000 JavaThread "JDWP Transport Listener: dt_socket" daemon [_thread_blocked, id=29596, stack(0x000000001ae80000,0x000000001af80000)]
  0x0000000002c66800 JavaThread "Attach Listener" daemon [_thread_blocked, id=18584, stack(0x000000001ad80000,0x000000001ae80000)]
  0x0000000002c64000 JavaThread "Signal Dispatcher" daemon [_thread_blocked, id=29488, stack(0x000000001ac80000,0x000000001ad80000)]
  0x00000000012fb800 JavaThread "Finalizer" daemon [_thread_blocked, id=27356, stack(0x000000001ab80000,0x000000001ac80000)]
  0x00000000012f8000 JavaThread "Reference Handler" daemon [_thread_blocked, id=25456, stack(0x000000001aa80000,0x000000001ab80000)]
  0x0000000001208000 JavaThread "main" [_thread_blocked, id=26692, stack(0x0000000007500000,0x0000000007600000)]

Other Threads:
=>0x0000000002c27800 VMThread [stack: 0x000000001a980000,0x000000001aa80000] [id=14660]
  0x000000000474b800 WatcherThread [stack: 0x000000001b580000,0x000000001b680000] [id=8752]

VM state:at safepoint (normal execution)

VM Mutex/Monitor currently owned by a thread:  ([mutex/lock_event])
[0x0000000001205900] Threads_lock - owner thread: 0x0000000002c27800

heap address: 0x0000000082200000, size: 2014 MB, Compressed Oops mode: 32-bit
Narrow klass base: 0x0000000000000000, Narrow klass shift: 3
Compressed class space size: 1073741824 Address: 0x0000000100000000

Heap:
 PSYoungGen      total 70656K, used 20336K [0x00000000d6100000, 0x00000000dab00000, 0x0000000100000000)
  eden space 65536K, 23% used [0x00000000d6100000,0x00000000d6fdddb8,0x00000000da100000)
  from space 5120K, 99% used [0x00000000da600000,0x00000000daafe470,0x00000000dab00000)
  to   space 5120K, 0% used [0x00000000da100000,0x00000000da100000,0x00000000da600000)
 ParOldGen       total 86016K, used 224K [0x0000000082200000, 0x0000000087600000, 0x00000000d6100000)
  object space 86016K, 0% used [0x0000000082200000,0x00000000822381e8,0x0000000087600000)
 Metaspace       used 17631K, capacity 18588K, committed 18944K, reserved 1064960K
  class space    used 2510K, capacity 2699K, committed 2816K, reserved 1048576K

Card table byte_map: [0x0000000001810000,0x0000000001c00000] byte_map_base: 0x00000000013ff000

Marking Bits: (ParMarkBitMap*) 0x000000005dc35ce0
 Begin Bits: [0x0000000016a90000, 0x0000000018a08000)
 End Bits:   [0x0000000018a08000, 0x000000001a980000)

Polling page: 0x0000000000950000

CodeCache: size=245760Kb used=7355Kb max_used=7444Kb free=238404Kb
 bounds [0x0000000007690000, 0x0000000007de0000, 0x0000000016690000]
 total_blobs=2344 nmethods=1945 adapters=319
 compilation: enabled

Compilation events (10 events):
Event: 5.249 Thread 0x000000000467c000 nmethod 1824 0x0000000007d9dbd0 code [0x0000000007d9dd20, 0x0000000007d9ddf8]
Event: 5.249 Thread 0x000000000467c000 1922       4       net.bytebuddy.description.type.TypeDefinition$Sort::describe (127 bytes)
Event: 5.250 Thread 0x0000000004668800 1943       3       sun.reflect.generics.parser.SignatureParser::parseClassTypeSignature (118 bytes)
Event: 5.252 Thread 0x0000000004668800 nmethod 1943 0x0000000007d9ded0 code [0x0000000007d9e280, 0x0000000007d9fe88]
Event: 5.252 Thread 0x000000000467c000 nmethod 1922 0x0000000007d9d350 code [0x0000000007d9d4e0, 0x0000000007d9d908]
Event: 5.252 Thread 0x000000000467c000 1944   !   4       java.util.concurrent.ConcurrentHashMap::putVal (362 bytes)
Event: 5.258 Thread 0x0000000004668800 1945       1       java.lang.reflect.Field::getModifiers (5 bytes)
Event: 5.258 Thread 0x0000000004668800 nmethod 1945 0x0000000007d9d090 code [0x0000000007d9d1e0, 0x0000000007d9d2f0]
Event: 5.264 Thread 0x000000000467c000 nmethod 1944 0x0000000007da0f90 code [0x0000000007da1140, 0x0000000007da2060]
Event: 5.609 Thread 0x0000000004679000 nmethod 1609 0x0000000007dba890 code [0x0000000007dbaee0, 0x0000000007dcecb8]

GC Heap History (8 events):
Event: 3.346 GC heap before
{Heap before GC invocations=1 (full 0):
 PSYoungGen      total 37888K, used 32768K [0x00000000d6100000, 0x00000000d8b00000, 0x0000000100000000)
  eden space 32768K, 100% used [0x00000000d6100000,0x00000000d8100000,0x00000000d8100000)
  from space 5120K, 0% used [0x00000000d8600000,0x00000000d8600000,0x00000000d8b00000)
  to   space 5120K, 0% used [0x00000000d8100000,0x00000000d8100000,0x00000000d8600000)
 ParOldGen       total 86016K, used 0K [0x0000000082200000, 0x0000000087600000, 0x00000000d6100000)
  object space 86016K, 0% used [0x0000000082200000,0x0000000082200000,0x0000000087600000)
 Metaspace       used 8326K, capacity 8750K, committed 9088K, reserved 1056768K
  class space    used 957K, capacity 1065K, committed 1152K, reserved 1048576K
Event: 3.371 GC heap after
Heap after GC invocations=1 (full 0):
 PSYoungGen      total 37888K, used 2969K [0x00000000d6100000, 0x00000000d8b00000, 0x0000000100000000)
  eden space 32768K, 0% used [0x00000000d6100000,0x00000000d6100000,0x00000000d8100000)
  from space 5120K, 57% used [0x00000000d8100000,0x00000000d83e64b8,0x00000000d8600000)
  to   space 5120K, 0% used [0x00000000d8600000,0x00000000d8600000,0x00000000d8b00000)
 ParOldGen       total 86016K, used 0K [0x0000000082200000, 0x0000000087600000, 0x00000000d6100000)
  object space 86016K, 0% used [0x0000000082200000,0x0000000082200000,0x0000000087600000)
 Metaspace       used 8326K, capacity 8750K, committed 9088K, reserved 1056768K
  class space    used 957K, capacity 1065K, committed 1152K, reserved 1048576K
}
Event: 4.267 GC heap before
{Heap before GC invocations=2 (full 0):
 PSYoungGen      total 37888K, used 35737K [0x00000000d6100000, 0x00000000d8b00000, 0x0000000100000000)
  eden space 32768K, 100% used [0x00000000d6100000,0x00000000d8100000,0x00000000d8100000)
  from space 5120K, 57% used [0x00000000d8100000,0x00000000d83e64b8,0x00000000d8600000)
  to   space 5120K, 0% used [0x00000000d8600000,0x00000000d8600000,0x00000000d8b00000)
 ParOldGen       total 86016K, used 0K [0x0000000082200000, 0x0000000087600000, 0x00000000d6100000)
  object space 86016K, 0% used [0x0000000082200000,0x0000000082200000,0x0000000087600000)
 Metaspace       used 12159K, capacity 13016K, committed 13312K, reserved 1060864K
  class space    used 1519K, capacity 1717K, committed 1792K, reserved 1048576K
Event: 4.280 GC heap after
Heap after GC invocations=2 (full 0):
 PSYoungGen      total 37888K, used 4068K [0x00000000d6100000, 0x00000000dab00000, 0x0000000100000000)
  eden space 32768K, 0% used [0x00000000d6100000,0x00000000d6100000,0x00000000d8100000)
  from space 5120K, 79% used [0x00000000d8600000,0x00000000d89f9118,0x00000000d8b00000)
  to   space 5120K, 0% used [0x00000000d8100000,0x00000000d8100000,0x00000000d8600000)
 ParOldGen       total 86016K, used 16K [0x0000000082200000, 0x0000000087600000, 0x00000000d6100000)
  object space 86016K, 0% used [0x0000000082200000,0x0000000082204000,0x0000000087600000)
 Metaspace       used 12159K, capacity 13016K, committed 13312K, reserved 1060864K
  class space    used 1519K, capacity 1717K, committed 1792K, reserved 1048576K
}
Event: 4.683 GC heap before
{Heap before GC invocations=3 (full 0):
 PSYoungGen      total 37888K, used 36836K [0x00000000d6100000, 0x00000000dab00000, 0x0000000100000000)
  eden space 32768K, 100% used [0x00000000d6100000,0x00000000d8100000,0x00000000d8100000)
  from space 5120K, 79% used [0x00000000d8600000,0x00000000d89f9118,0x00000000d8b00000)
  to   space 5120K, 0% used [0x00000000d8100000,0x00000000d8100000,0x00000000d8600000)
 ParOldGen       total 86016K, used 16K [0x0000000082200000, 0x0000000087600000, 0x00000000d6100000)
  object space 86016K, 0% used [0x0000000082200000,0x0000000082204000,0x0000000087600000)
 Metaspace       used 13970K, capacity 14878K, committed 14976K, reserved 1062912K
  class space    used 1896K, capacity 2102K, committed 2176K, reserved 1048576K
Event: 4.691 GC heap after
Heap after GC invocations=3 (full 0):
 PSYoungGen      total 37888K, used 5062K [0x00000000d6100000, 0x00000000dab00000, 0x0000000100000000)
  eden space 32768K, 0% used [0x00000000d6100000,0x00000000d6100000,0x00000000d8100000)
  from space 5120K, 98% used [0x00000000d8100000,0x00000000d85f1a18,0x00000000d8600000)
  to   space 5120K, 0% used [0x00000000da600000,0x00000000da600000,0x00000000dab00000)
 ParOldGen       total 86016K, used 24K [0x0000000082200000, 0x0000000087600000, 0x00000000d6100000)
  object space 86016K, 0% used [0x0000000082200000,0x0000000082206000,0x0000000087600000)
 Metaspace       used 13970K, capacity 14878K, committed 14976K, reserved 1062912K
  class space    used 1896K, capacity 2102K, committed 2176K, reserved 1048576K
}
Event: 5.164 GC heap before
{Heap before GC invocations=4 (full 0):
 PSYoungGen      total 37888K, used 37830K [0x00000000d6100000, 0x00000000dab00000, 0x0000000100000000)
  eden space 32768K, 100% used [0x00000000d6100000,0x00000000d8100000,0x00000000d8100000)
  from space 5120K, 98% used [0x00000000d8100000,0x00000000d85f1a18,0x00000000d8600000)
  to   space 5120K, 0% used [0x00000000da600000,0x00000000da600000,0x00000000dab00000)
 ParOldGen       total 86016K, used 24K [0x0000000082200000, 0x0000000087600000, 0x00000000d6100000)
  object space 86016K, 0% used [0x0000000082200000,0x0000000082206000,0x0000000087600000)
 Metaspace       used 16845K, capacity 17790K, committed 18048K, reserved 1064960K
  class space    used 2396K, capacity 2580K, committed 2688K, reserved 1048576K
Event: 5.176 GC heap after
Heap after GC invocations=4 (full 0):
 PSYoungGen      total 70656K, used 5113K [0x00000000d6100000, 0x00000000dab00000, 0x0000000100000000)
  eden space 65536K, 0% used [0x00000000d6100000,0x00000000d6100000,0x00000000da100000)
  from space 5120K, 99% used [0x00000000da600000,0x00000000daafe470,0x00000000dab00000)
  to   space 5120K, 0% used [0x00000000da100000,0x00000000da100000,0x00000000da600000)
 ParOldGen       total 86016K, used 224K [0x0000000082200000, 0x0000000087600000, 0x00000000d6100000)
  object space 86016K, 0% used [0x0000000082200000,0x00000000822381e8,0x0000000087600000)
 Metaspace       used 16845K, capacity 17790K, committed 18048K, reserved 1064960K
  class space    used 2396K, capacity 2580K, committed 2688K, reserved 1048576K
}

Deoptimization events (10 events):
Event: 5.197 Thread 0x0000000001208000 Uncommon trap: reason=range_check action=none pc=0x0000000007b2a2dc method=sun.reflect.generics.parser.SignatureParser.current()C @ 34
Event: 5.197 Thread 0x0000000001208000 Uncommon trap: reason=range_check action=none pc=0x0000000007b2a2dc method=sun.reflect.generics.parser.SignatureParser.current()C @ 34
Event: 5.197 Thread 0x0000000001208000 Uncommon trap: reason=range_check action=none pc=0x0000000007b2a2dc method=sun.reflect.generics.parser.SignatureParser.current()C @ 34
Event: 5.197 Thread 0x0000000001208000 Uncommon trap: reason=range_check action=none pc=0x0000000007b2a2dc method=sun.reflect.generics.parser.SignatureParser.current()C @ 34
Event: 5.198 Thread 0x0000000001208000 Uncommon trap: reason=range_check action=none pc=0x0000000007b2a2dc method=sun.reflect.generics.parser.SignatureParser.current()C @ 34
Event: 5.198 Thread 0x0000000001208000 Uncommon trap: reason=range_check action=none pc=0x0000000007b2a2dc method=sun.reflect.generics.parser.SignatureParser.current()C @ 34
Event: 5.198 Thread 0x0000000001208000 Uncommon trap: reason=range_check action=none pc=0x0000000007b2a2dc method=sun.reflect.generics.parser.SignatureParser.current()C @ 34
Event: 5.198 Thread 0x0000000001208000 Uncommon trap: reason=range_check action=none pc=0x0000000007b2a2dc method=sun.reflect.generics.parser.SignatureParser.current()C @ 34
Event: 5.198 Thread 0x0000000001208000 Uncommon trap: reason=range_check action=none pc=0x0000000007b2a2dc method=sun.reflect.generics.parser.SignatureParser.current()C @ 34
Event: 5.250 Thread 0x0000000001208000 Uncommon trap: reason=range_check action=none pc=0x0000000007b2a2dc method=sun.reflect.generics.parser.SignatureParser.current()C @ 34

Classes redefined (3 events):
Event: 59.418 Thread 0x0000000002c27800 redefined class name=com.hcl.ms.cat.serviceImpl.ProductServiceImplTest, count=1
Event: 272.689 Thread 0x0000000002c27800 redefined class name=com.hcl.ms.cat.serviceImpl.ProductServiceImplTest, count=2
Event: 523.534 Thread 0x0000000002c27800 redefined class name=com.hcl.ms.cat.serviceImpl.ProductServiceImplTest, count=3

Internal exceptions (10 events):
Event: 24.447 Thread 0x000000001c7fb800 Exception <a 'java/lang/ClassNotFoundException': org/springframework/context/support/LiveBeansView> (0x00000000d6e3fd40) thrown at [C:\re\workspace\8-2-build-windows-amd64-cygwin\jdk8u211\12973\hotspot\src\share\vm\classfile\systemDictionary.cpp, line 210
Event: 24.758 Thread 0x000000001c7fb800 Exception <a 'java/lang/ClassNotFoundException': org/springframework/boot/actuate/endpoint/jmx/EndpointMBean> (0x00000000d6e60a00) thrown at [C:\re\workspace\8-2-build-windows-amd64-cygwin\jdk8u211\12973\hotspot\src\share\vm\classfile\systemDictionary.cpp
Event: 25.082 Thread 0x000000001c7fb800 Exception <a 'java/lang/ClassNotFoundException': org/springframework/boot/actuate/endpoint/jmx/DataEndpointMBean> (0x00000000d6e81898) thrown at [C:\re\workspace\8-2-build-windows-amd64-cygwin\jdk8u211\12973\hotspot\src\share\vm\classfile\systemDictionary
Event: 25.402 Thread 0x000000001c7fb800 Exception <a 'java/lang/ClassNotFoundException': org/springframework/context/support/LiveBeansView> (0x00000000d6ea2718) thrown at [C:\re\workspace\8-2-build-windows-amd64-cygwin\jdk8u211\12973\hotspot\src\share\vm\classfile\systemDictionary.cpp, line 210
Event: 25.403 Thread 0x000000001c7fb800 Exception <a 'java/lang/ClassNotFoundException': org/springframework/boot/actuate/endpoint/jmx/EndpointMBean> (0x00000000d6ea2a80) thrown at [C:\re\workspace\8-2-build-windows-amd64-cygwin\jdk8u211\12973\hotspot\src\share\vm\classfile\systemDictionary.cpp
Event: 25.403 Thread 0x000000001c7fb800 Exception <a 'java/lang/ClassNotFoundException': org/springframework/boot/actuate/endpoint/jmx/DataEndpointMBean> (0x00000000d6ea2fd8) thrown at [C:\re\workspace\8-2-build-windows-amd64-cygwin\jdk8u211\12973\hotspot\src\share\vm\classfile\systemDictionary
Event: 25.404 Thread 0x000000001c7fb800 Exception <a 'java/lang/ClassNotFoundException': org/springframework/context/support/LiveBeansView> (0x00000000d6ea3518) thrown at [C:\re\workspace\8-2-build-windows-amd64-cygwin\jdk8u211\12973\hotspot\src\share\vm\classfile\systemDictionary.cpp, line 210
Event: 25.404 Thread 0x000000001c7fb800 Exception <a 'java/lang/ClassNotFoundException': org/springframework/boot/actuate/endpoint/jmx/EndpointMBean> (0x00000000d6ea3870) thrown at [C:\re\workspace\8-2-build-windows-amd64-cygwin\jdk8u211\12973\hotspot\src\share\vm\classfile\systemDictionary.cpp
Event: 25.405 Thread 0x000000001c7fb800 Exception <a 'java/lang/ClassNotFoundException': org/springframework/boot/actuate/endpoint/jmx/DataEndpointMBean> (0x00000000d6ea3db8) thrown at [C:\re\workspace\8-2-build-windows-amd64-cygwin\jdk8u211\12973\hotspot\src\share\vm\classfile\systemDictionary
Event: 25.405 Thread 0x000000001c7fb800 Exception <a 'java/lang/ClassNotFoundException': org/springframework/context/support/LiveBeansView> (0x00000000d6ea42e8) thrown at [C:\re\workspace\8-2-build-windows-amd64-cygwin\jdk8u211\12973\hotspot\src\share\vm\classfile\systemDictionary.cpp, line 210

Events (10 events):
Event: 523.594 Executing VM operation: ChangeBreakpoints done
Event: 523.601 Executing VM operation: ChangeBreakpoints
Event: 523.602 Executing VM operation: ChangeBreakpoints done
Event: 523.609 Executing VM operation: ChangeBreakpoints
Event: 523.610 Executing VM operation: ChangeBreakpoints done
Event: 525.257 Executing VM operation: GetOwnedMonitorInfo
Event: 525.257 Executing VM operation: GetOwnedMonitorInfo done
Event: 525.257 Executing VM operation: GetCurrentContendedMonitor
Event: 525.257 Executing VM operation: GetCurrentContendedMonitor done
Event: 525.266 Executing VM operation: GetOrSetLocal


Dynamic libraries:
0x00007ff7cb1b0000 - 0x00007ff7cb1e7000 	C:\Program Files\Java\jdk1.8.0_211\bin\javaw.exe
0x00007ffebdae0000 - 0x00007ffebdcc1000 	C:\WINDOWS\SYSTEM32\ntdll.dll
0x00007ffebcfa0000 - 0x00007ffebd051000 	C:\WINDOWS\System32\KERNEL32.DLL
0x00007ffebaa70000 - 0x00007ffebace3000 	C:\WINDOWS\System32\KERNELBASE.dll
0x000000005f100000 - 0x000000005f195000 	C:\WINDOWS\System32\SYSFER.DLL
0x00007ffebd1d0000 - 0x00007ffebd271000 	C:\WINDOWS\System32\ADVAPI32.dll
0x00007ffebd060000 - 0x00007ffebd0fe000 	C:\WINDOWS\System32\msvcrt.dll
0x00007ffebc9b0000 - 0x00007ffebca0b000 	C:\WINDOWS\System32\sechost.dll
0x00007ffebc540000 - 0x00007ffebc664000 	C:\WINDOWS\System32\RPCRT4.dll
0x00007ffebc3b0000 - 0x00007ffebc540000 	C:\WINDOWS\System32\USER32.dll
0x00007ffeb9ea0000 - 0x00007ffeb9ec0000 	C:\WINDOWS\System32\win32u.dll
0x00007ffebda60000 - 0x00007ffebda88000 	C:\WINDOWS\System32\GDI32.dll
0x00007ffebad70000 - 0x00007ffebaf01000 	C:\WINDOWS\System32\gdi32full.dll
0x00007ffeba9d0000 - 0x00007ffebaa6f000 	C:\WINDOWS\System32\msvcp_win.dll
0x00007ffeba8d0000 - 0x00007ffeba9c8000 	C:\WINDOWS\System32\ucrtbase.dll
0x00007ffead1b0000 - 0x00007ffead419000 	C:\WINDOWS\WinSxS\amd64_microsoft.windows.common-controls_6595b64144ccf1df_6.0.17134.1067_none_d401a3eb7c8ebdea\COMCTL32.dll
0x00007ffebd730000 - 0x00007ffebda51000 	C:\WINDOWS\System32\combase.dll
0x00007ffebacf0000 - 0x00007ffebad69000 	C:\WINDOWS\System32\bcryptPrimitives.dll
0x00007ffebc9a0000 - 0x00007ffebc9a8000 	C:\WINDOWS\System32\psapi.dll
0x00007ffebcd60000 - 0x00007ffebcd8d000 	C:\WINDOWS\System32\IMM32.DLL
0x000000005d330000 - 0x000000005d402000 	C:\Program Files\Java\jdk1.8.0_211\jre\bin\msvcr100.dll
0x000000005d410000 - 0x000000005dcb5000 	C:\Program Files\Java\jdk1.8.0_211\jre\bin\server\jvm.dll
0x00007ffe94770000 - 0x00007ffe94779000 	C:\WINDOWS\SYSTEM32\WSOCK32.dll
0x00007ffebcf30000 - 0x00007ffebcf9c000 	C:\WINDOWS\System32\WS2_32.dll
0x00007ffeb6a20000 - 0x00007ffeb6a43000 	C:\WINDOWS\SYSTEM32\WINMM.dll
0x00007ffeab560000 - 0x00007ffeab56a000 	C:\WINDOWS\SYSTEM32\VERSION.dll
0x00007ffeb69f0000 - 0x00007ffeb6a1a000 	C:\WINDOWS\SYSTEM32\WINMMBASE.dll
0x00007ffebaf10000 - 0x00007ffebaf59000 	C:\WINDOWS\System32\cfgmgr32.dll
0x00007ffea6e40000 - 0x00007ffea6eaa000 	C:\Program Files\Manufacturer\Endpoint Agent\prntm64.dll
0x00007ffebd6d0000 - 0x00007ffebd721000 	C:\WINDOWS\System32\SHLWAPI.dll
0x00007ffebca80000 - 0x00007ffebcbd1000 	C:\WINDOWS\System32\ole32.dll
0x00007ffebd100000 - 0x00007ffebd1c2000 	C:\WINDOWS\System32\OLEAUT32.dll
0x00007ffeaea10000 - 0x00007ffeaea1c000 	C:\WINDOWS\SYSTEM32\Secur32.dll
0x00007ffeb10d0000 - 0x00007ffeb1155000 	C:\WINDOWS\SYSTEM32\WINSPOOL.DRV
0x00007ffeb9e10000 - 0x00007ffeb9e21000 	C:\WINDOWS\System32\kernel.appcore.dll
0x00007ffeab1d0000 - 0x00007ffeab2bf000 	C:\WINDOWS\SYSTEM32\MSVCR120.dll
0x00007ffeab400000 - 0x00007ffeab4a6000 	C:\WINDOWS\SYSTEM32\MSVCP120.dll
0x00007ffeb4860000 - 0x00007ffeb4a15000 	C:\WINDOWS\SYSTEM32\PROPSYS.dll
0x00007ffebc8f0000 - 0x00007ffebc999000 	C:\WINDOWS\System32\shcore.dll
0x00007ffeb9310000 - 0x00007ffeb9348000 	C:\WINDOWS\SYSTEM32\IPHLPAPI.DLL
0x00007ffeb9af0000 - 0x00007ffeb9b15000 	C:\WINDOWS\SYSTEM32\bcrypt.dll
0x00007ffeb9d10000 - 0x00007ffeb9d40000 	C:\WINDOWS\SYSTEM32\SSPICLI.DLL
0x00007ffeb5030000 - 0x00007ffeb503f000 	C:\Program Files\Java\jdk1.8.0_211\jre\bin\verify.dll
0x00007ffe96000000 - 0x00007ffe96029000 	C:\Program Files\Java\jdk1.8.0_211\jre\bin\java.dll
0x00007ffea8260000 - 0x00007ffea8295000 	C:\Program Files\Java\jdk1.8.0_211\jre\bin\jdwp.dll
0x00007ffeb5a50000 - 0x00007ffeb5a58000 	C:\Program Files\Java\jdk1.8.0_211\jre\bin\npt.dll
0x00007ffea8230000 - 0x00007ffea8253000 	C:\Program Files\Java\jdk1.8.0_211\jre\bin\instrument.dll
0x00007ffea8210000 - 0x00007ffea8226000 	C:\Program Files\Java\jdk1.8.0_211\jre\bin\zip.dll
0x00007ffebaf60000 - 0x00007ffebc3a4000 	C:\WINDOWS\System32\SHELL32.dll
0x00007ffeb9ec0000 - 0x00007ffeba5d0000 	C:\WINDOWS\System32\windows.storage.dll
0x00007ffeb9de0000 - 0x00007ffeb9dff000 	C:\WINDOWS\System32\profapi.dll
0x00007ffeb9e50000 - 0x00007ffeb9e9c000 	C:\WINDOWS\System32\powrprof.dll
0x00007ffeb9e00000 - 0x00007ffeb9e0a000 	C:\WINDOWS\System32\FLTLIB.DLL
0x00007ffeb5970000 - 0x00007ffeb5979000 	C:\Program Files\Java\jdk1.8.0_211\jre\bin\dt_socket.dll
0x00007ffeaef50000 - 0x00007ffeaef66000 	C:\WINDOWS\system32\napinsp.dll
0x00007ffeaf0b0000 - 0x00007ffeaf0ca000 	C:\WINDOWS\system32\pnrpnsp.dll
0x00007ffeb62a0000 - 0x00007ffeb62b9000 	C:\WINDOWS\system32\NLAapi.dll
0x00007ffeb95b0000 - 0x00007ffeb9616000 	C:\WINDOWS\System32\mswsock.dll
0x00007ffeb9360000 - 0x00007ffeb941e000 	C:\WINDOWS\SYSTEM32\DNSAPI.dll
0x00007ffebca10000 - 0x00007ffebca18000 	C:\WINDOWS\System32\NSI.dll
0x00007ffeaf0e0000 - 0x00007ffeaf0ee000 	C:\WINDOWS\System32\winrnr.dll
0x00007ffeb5690000 - 0x00007ffeb5702000 	C:\WINDOWS\System32\fwpuclnt.dll
0x00007ffeb1a40000 - 0x00007ffeb1a4a000 	C:\Windows\System32\rasadhlp.dll
0x00007ffea66f0000 - 0x00007ffea670a000 	C:\Program Files\Java\jdk1.8.0_211\jre\bin\net.dll
0x00007ffeaed80000 - 0x00007ffeaef4a000 	C:\WINDOWS\SYSTEM32\urlmon.dll
0x00007ffeafe80000 - 0x00007ffeb0127000 	C:\WINDOWS\SYSTEM32\iertutil.dll
0x00007ffeb9710000 - 0x00007ffeb971b000 	C:\WINDOWS\SYSTEM32\CRYPTBASE.DLL
0x00007ffeb58b0000 - 0x00007ffeb58bd000 	C:\Program Files\Java\jdk1.8.0_211\jre\bin\management.dll
0x00007ffea0d30000 - 0x00007ffea0d42000 	C:\Program Files\Java\jdk1.8.0_211\jre\bin\nio.dll
0x00007ffeb9ab0000 - 0x00007ffeb9ac7000 	C:\WINDOWS\SYSTEM32\CRYPTSP.dll
0x00007ffeb8f40000 - 0x00007ffeb8f73000 	C:\WINDOWS\system32\rsaenh.dll
0x00007ffeb9ce0000 - 0x00007ffeb9d08000 	C:\WINDOWS\SYSTEM32\USERENV.dll
0x00007ffeb5090000 - 0x00007ffeb50a6000 	C:\WINDOWS\SYSTEM32\dhcpcsvc6.DLL
0x00007ffeb4f00000 - 0x00007ffeb4f1a000 	C:\WINDOWS\SYSTEM32\dhcpcsvc.DLL
0x00007ffeaaee0000 - 0x00007ffeab0a9000 	C:\WINDOWS\SYSTEM32\dbghelp.dll

VM Arguments:
jvm_args: -agentlib:jdwp=transport=dt_socket,suspend=y,address=localhost:51226 -ea -javaagent:C:\STS\configuration\org.eclipse.osgi\243\0\.cp\lib\javaagent-shaded.jar -Dfile.encoding=UTF-8 
java_command: org.eclipse.jdt.internal.junit.runner.RemoteTestRunner -version 3 -port 51222 -testLoaderClass org.eclipse.jdt.internal.junit5.runner.JUnit5TestLoader -loaderpluginname org.eclipse.jdt.junit5.runtime -test com.hcl.ms.cat.serviceImpl.ProductServiceImplTest:testDeleteByProductIdWhenFailure
java_class_path (initial): C:\Users\sushily\OneDrive - HCL Technologies Ltd\Workplace\CatalogueMS\target\test-classes;C:\Users\sushily\OneDrive - HCL Technologies Ltd\Workplace\CatalogueMS\target\classes;C:\STS\plugins\org.junit_4.12.0.v201504281640\junit.jar;C:\STS\plugins\org.hamcrest.core_1.3.0.v20180420-1519.jar;C:\Users\sushily\.m2\repository\org\springframework\boot\spring-boot-starter-data-jpa\2.2.0.RELEASE\spring-boot-starter-data-jpa-2.2.0.RELEASE.jar;C:\Users\sushily\.m2\repository\org\springframework\boot\spring-boot-starter-jdbc\2.2.0.RELEASE\spring-boot-starter-jdbc-2.2.0.RELEASE.jar;C:\Users\sushily\.m2\repository\com\zaxxer\HikariCP\3.4.1\HikariCP-3.4.1.jar;C:\Users\sushily\.m2\repository\org\springframework\spring-jdbc\5.2.0.RELEASE\spring-jdbc-5.2.0.RELEASE.jar;C:\Users\sushily\.m2\repository\jakarta\activation\jakarta.activation-api\1.2.1\jakarta.activation-api-1.2.1.jar;C:\Users\sushily\.m2\repository\jakarta\persistence\jakarta.persistence-api\2.2.3\jakarta.persistence-api-2.2.3.jar;C:\Users\sushily\.m2\repository\jakarta\transaction\jakarta.transaction-api\1.3.3\jakarta.transaction-api-1.3.3.jar;C:\Users\sushily\.m2\repository\org\hibernate\hibernate-core\5.4.6.Final\hibernate-core-5.4.6.Final.jar;C:\Users\sushily\.m2\repository\org\jboss\logging\jboss-logging\3.4.1.Final\jboss-logging-3.4.1.Final.jar;C:\Users\sushily\.m2\repository\org\javassist\javassist\3.24.0-GA\javassist-3.24.0-GA.jar;C:\Users\sushily\.m2\repository\net\bytebuddy\byte-buddy\1.10.1\byte-buddy-1.10.1.jar;C:\Users\sushily\.m2\repository\antlr\antlr\2.7.7\antlr-2.7.7.jar;C:\Users\sushily\.m2\repository\org\jboss\jandex\2.0.5.Final\jandex-2.0.5.Final.jar;C:\Users\sushily\.m2\repository\org\dom4j\dom4j\2.1.1\dom4j-2.1.1.jar;C:\Users\sushily\.m2\repository\org\hibernate\common\hibernate-commons-annotations\5.1.0.Final\hibernate-commons-annotations-5.1.0.Final.jar;C:\Users\sushily\.m2\repository\org\glassfish\jaxb\jaxb-runtime\2.3.2\jaxb-runtime-2.3.2.jar;C:\Users\sushily\.m2\rep
Launcher Type: SUN_STANDARD

Environment Variables:
JAVA_HOME=C:\Program Files\Java\jdk1.8.0_211
PATH=C:\Program Files\Java\jdk1.8.0_211\jre\bin;C:/Program Files/Java/jdk1.8.0_211/bin/../jre/bin/server;C:/Program Files/Java/jdk1.8.0_211/bin/../jre/bin;C:/Program Files/Java/jdk1.8.0_211/bin/../jre/lib/amd64;C:\ProgramData\DockerDesktop\version-bin;C:\Program Files\Docker\Docker\Resources\bin;C:\WINDOWS\system32;C:\WINDOWS;C:\WINDOWS\System32\Wbem;C:\WINDOWS\System32\WindowsPowerShell\v1.0\;C:\WINDOWS\System32\OpenSSH\;C:\Windows\CCM;%JAVA_HOME%;C:\Program Files\Java\jdk1.8.0_211\bin;C:\Program Files\Git\cmd;C:\Program Files\MySQL\MySQL Shell 8.0\bin\;C:\STS;
USERNAME=SushilY
OS=Windows_NT
PROCESSOR_IDENTIFIER=Intel64 Family 6 Model 94 Stepping 3, GenuineIntel



---------------  S Y S T E M  ---------------

OS: Windows 10.0 , 64 bit Build 17134 (10.0.17134.753)

CPU:total 4 (initial active 4) (4 cores per cpu, 1 threads per core) family 6 model 94 stepping 3, cmov, cx8, fxsr, mmx, sse, sse2, sse3, ssse3, sse4.1, sse4.2, popcnt, avx, avx2, aes, clmul, erms, rtm, 3dnowpref, lzcnt, tsc, tscinvbit, bmi1, bmi2, adx

Memory: 4k page, physical 8247808k(1476976k free), swap 14681184k(3176456k free)

vm_info: Java HotSpot(TM) 64-Bit Server VM (25.211-b12) for windows-amd64 JRE (1.8.0_211-b12), built on Apr  1 2019 20:53:26 by "java_re" with MS VC++ 10.0 (VS2010)

time: Mon Nov 18 12:19:33 2019
timezone: India Standard Time
elapsed time: 525 seconds (0d 0h 8m 45s)

